<?xml version="1.0" encoding="UTF-8"?>
<!-- Generated by org.testng.reporters.JUnitReportReporter -->
<testsuite skipped="0" hostname="DESKTOP-7BFNCK8" name="com.capg.omts.sreen_show.test_runner.TestRunner" tests="1" failures="0" timestamp="30 Sep 2020 19:32:36 GMT" time="20.379" errors="0">
  <testcase name="runScenario" time="20.379" classname="com.capg.omts.sreen_show.test_runner.TestRunner"/>
</testsuite> <!-- com.capg.omts.sreen_show.test_runner.TestRunner -->
