<?xml version="1.0" encoding="UTF-8"?>
<!-- Generated by org.testng.reporters.JUnitReportReporter -->
<testsuite skipped="0" hostname="DESKTOP-7BFNCK8" name="com.capg.omts.sreen_show.testcases.ScreenShowTestCase" tests="1" failures="0" timestamp="30 Sep 2020 10:13:01 GMT" time="0.183" errors="0">
  <testcase name="displayScreens" time="0.183" classname="com.capg.omts.sreen_show.testcases.ScreenShowTestCase"/>
</testsuite> <!-- com.capg.omts.sreen_show.testcases.ScreenShowTestCase -->
